2025-08-16 23:41:48,300 [INFO] Step-1: Folder created: uploads/1af3e470-dc23-4097-9cab-66ffe62b7837
2025-08-16 23:41:48,302 [INFO] Using Python executable: venv/bin/python3
2025-08-16 23:41:48,302 [INFO] Step-2: File sent {'question.txt': 'uploads/1af3e470-dc23-4097-9cab-66ffe62b7837/question.txt'}
2025-08-16 23:41:48,303 [INFO] ğŸ¤– Step-1: Getting scrap code and metadata from llm. Tries count = 0
2025-08-16 23:42:04,569 [INFO] ğŸ¤– Step-1: Successfully parsed response from LLM.
2025-08-16 23:42:04,569 [INFO] ğŸ’» Step-3: Entering loop
2025-08-16 23:42:04,569 [INFO] ğŸ’» Loop-1: Running LLM code.
2025-08-16 23:42:38,164 [INFO] âœ…ğŸ’» Loop-1: Code executed successfully.
2025-08-16 23:42:38,165 [INFO] ğŸ¤– Loop-1: Inside Loop LLM call.
2025-08-16 23:43:11,023 [INFO] ğŸ’» Loop-2: Running LLM code.
2025-08-16 23:44:09,005 [ERROR] âŒğŸ’» Loop-2: Code execution failed: âŒ Execution error: Traceback (most recent call last): File "/home/raushan/TDS_project2/uploads/1af3e470-dc23-4097-9cab-66ffe62b7837/job_/script.py", line 59, in <module> plt.savefig(buf, format='webp', quality=80) File "/home/raushan/TDS_project2/venv/lib/python3.12/site-packages/matplotlib/pyplot.py", line 1251, in savefig res = fig.savefig(*args, **kwargs) # type: ignore[func-returns-value] ^^^^^^^^^^^^^^^^^^^^^^^^^^^^ File "/home/raushan/TDS_project2/venv/lib/python3.12/site-packages/matplotlib/figure.py", line 3490, in savefig self.canvas.print_figure(fname, **kwargs) File "/home/raushan/TDS_project2/venv/lib/python3.12/site-packages/matplotlib/backend_bases.py", line 2186, in print_figure result = print_method( ^^^^^^^^^^^^^ File "/home/raushan/TDS_project2/venv/lib/python3.12/site-packages/matplotlib/backend_bases.py", line 2042, in <lambda> print_method = functools.wraps(meth)(lambda *args, **kwargs: meth( ^^^^^ TypeError: FigureCanvasAgg.print_webp() got an unexpected keyword argument 'quality'
2025-08-16 23:44:09,005 [INFO] ğŸ¤– Loop-2: Inside Loop LLM call.
2025-08-16 23:44:24,360 [INFO] ğŸ’» Loop-3: Running LLM code.
2025-08-16 23:45:52,669 [INFO] âœ…ğŸ’» Loop-3: Code executed successfully.
2025-08-16 23:45:52,670 [INFO] âœ…ğŸ“ Loop-3: Found result files.
2025-08-16 23:45:52,670 [INFO] ğŸ¤– Loop-3: Checking result validity.
2025-08-16 23:46:20,395 [INFO] âœ… Loop-3: Validation successful, no re-run needed.
2025-08-16 23:46:20,395 [INFO] ğŸ’» Step-6: Running final code.
2025-08-16 23:46:20,410 [INFO] ğŸ“ Step-7: Reading result.json
2025-08-16 23:46:20,410 [INFO] âœ…ğŸ“ Step-7: send result back
